<?xml version="1.0" encoding="UTF-8"?>
<testng-results skipped="0" failed="1" ignored="0" total="3" passed="2">
  <reporter-output>
  </reporter-output>
  <suite name="Suite" duration-ms="58082" started-at="2021-07-15T09:17:33Z" finished-at="2021-07-15T09:18:31Z">
    <groups>
    </groups>
    <test name="Test" duration-ms="58082" started-at="2021-07-15T09:17:33Z" finished-at="2021-07-15T09:18:31Z">
      <class name="org.practicetests.LoginPageTests">
        <test-method status="PASS" signature="setup()[pri:0, instance:org.practicetests.LoginPageTests@1da2cb77]" name="setup" is-config="true" duration-ms="14214" started-at="2021-07-15T09:17:33Z" finished-at="2021-07-15T09:17:48Z">
          <reporter-output>
          </reporter-output>
        </test-method> <!-- setup -->
        <test-method status="FAIL" signature="verifyHomeFunctionality()[pri:0, instance:org.practicetests.LoginPageTests@1da2cb77]" name="verifyHomeFunctionality" duration-ms="9137" started-at="2021-07-15T09:17:48Z" finished-at="2021-07-15T09:17:57Z">
          <exception class="java.lang.AssertionError">
            <message>
              <![CDATA[expected [Log in to Rahul Shetty Academy123] but found [Log in to Rahul Shetty Academy]]]>
            </message>
            <full-stacktrace>
              <![CDATA[java.lang.AssertionError: expected [Log in to Rahul Shetty Academy123] but found [Log in to Rahul Shetty Academy]
at org.testng.Assert.fail(Assert.java:96)
at org.testng.Assert.failNotEquals(Assert.java:776)
at org.testng.Assert.assertEqualsImpl(Assert.java:137)
at org.testng.Assert.assertEquals(Assert.java:118)
at org.testng.Assert.assertEquals(Assert.java:453)
at org.testng.Assert.assertEquals(Assert.java:463)
at org.practicetests.LoginPageTests.verifyHomeFunctionality(LoginPageTests.java:33)
at sun.reflect.NativeMethodAccessorImpl.invoke0(Native Method)
at sun.reflect.NativeMethodAccessorImpl.invoke(NativeMethodAccessorImpl.java:62)
at sun.reflect.DelegatingMethodAccessorImpl.invoke(DelegatingMethodAccessorImpl.java:43)
at java.lang.reflect.Method.invoke(Method.java:498)
at org.testng.internal.MethodInvocationHelper.invokeMethod(MethodInvocationHelper.java:124)
at org.testng.internal.Invoker.invokeMethod(Invoker.java:583)
at org.testng.internal.Invoker.invokeTestMethod(Invoker.java:719)
at org.testng.internal.Invoker.invokeTestMethods(Invoker.java:989)
at org.testng.internal.TestMethodWorker.invokeTestMethods(TestMethodWorker.java:125)
at org.testng.internal.TestMethodWorker.run(TestMethodWorker.java:109)
at org.testng.TestRunner.privateRun(TestRunner.java:648)
at org.testng.TestRunner.run(TestRunner.java:505)
at org.testng.SuiteRunner.runTest(SuiteRunner.java:455)
at org.testng.SuiteRunner.runSequentially(SuiteRunner.java:450)
at org.testng.SuiteRunner.privateRun(SuiteRunner.java:415)
at org.testng.SuiteRunner.run(SuiteRunner.java:364)
at org.testng.SuiteRunnerWorker.runSuite(SuiteRunnerWorker.java:52)
at org.testng.SuiteRunnerWorker.run(SuiteRunnerWorker.java:84)
at org.testng.TestNG.runSuitesSequentially(TestNG.java:1208)
at org.testng.TestNG.runSuitesLocally(TestNG.java:1137)
at org.testng.TestNG.runSuites(TestNG.java:1049)
at org.testng.TestNG.run(TestNG.java:1017)
at org.apache.maven.surefire.testng.TestNGExecutor.run(TestNGExecutor.java:281)
at org.apache.maven.surefire.testng.TestNGXmlTestSuite.execute(TestNGXmlTestSuite.java:75)
at org.apache.maven.surefire.testng.TestNGProvider.invoke(TestNGProvider.java:121)
at org.apache.maven.surefire.booter.ForkedBooter.invokeProviderInSameClassLoader(ForkedBooter.java:290)
at org.apache.maven.surefire.booter.ForkedBooter.runSuitesInProcess(ForkedBooter.java:242)
at org.apache.maven.surefire.booter.ForkedBooter.main(ForkedBooter.java:121)
]]>
            </full-stacktrace>
          </exception> <!-- java.lang.AssertionError -->
          <reporter-output>
          </reporter-output>
        </test-method> <!-- verifyHomeFunctionality -->
        <test-method status="PASS" signature="tearDown()[pri:0, instance:org.practicetests.LoginPageTests@1da2cb77]" name="tearDown" is-config="true" duration-ms="846" started-at="2021-07-15T09:17:57Z" finished-at="2021-07-15T09:17:58Z">
          <reporter-output>
          </reporter-output>
        </test-method> <!-- tearDown -->
      </class> <!-- org.practicetests.LoginPageTests -->
      <class name="org.practicetests.HomePageTests">
        <test-method status="PASS" signature="setup()[pri:0, instance:org.practicetests.HomePageTests@48f278eb]" name="setup" is-config="true" duration-ms="11588" started-at="2021-07-15T09:17:58Z" finished-at="2021-07-15T09:18:09Z">
          <reporter-output>
          </reporter-output>
        </test-method> <!-- setup -->
        <test-method status="PASS" signature="verifyHomeFunctionality()[pri:0, instance:org.practicetests.HomePageTests@48f278eb]" name="verifyHomeFunctionality" duration-ms="9236" started-at="2021-07-15T09:18:09Z" finished-at="2021-07-15T09:18:18Z">
          <reporter-output>
          </reporter-output>
        </test-method> <!-- verifyHomeFunctionality -->
        <test-method status="PASS" signature="tearDown()[pri:0, instance:org.practicetests.HomePageTests@48f278eb]" name="tearDown" is-config="true" duration-ms="772" started-at="2021-07-15T09:18:18Z" finished-at="2021-07-15T09:18:19Z">
          <reporter-output>
          </reporter-output>
        </test-method> <!-- tearDown -->
      </class> <!-- org.practicetests.HomePageTests -->
      <class name="org.practicetests.PracticePageTests">
        <test-method status="PASS" signature="setup()[pri:0, instance:org.practicetests.PracticePageTests@2f217633]" name="setup" is-config="true" duration-ms="10718" started-at="2021-07-15T09:18:19Z" finished-at="2021-07-15T09:18:30Z">
          <reporter-output>
          </reporter-output>
        </test-method> <!-- setup -->
        <test-method status="PASS" signature="verifyHomeFunctionality()[pri:0, instance:org.practicetests.PracticePageTests@2f217633]" name="verifyHomeFunctionality" duration-ms="730" started-at="2021-07-15T09:18:30Z" finished-at="2021-07-15T09:18:31Z">
          <reporter-output>
          </reporter-output>
        </test-method> <!-- verifyHomeFunctionality -->
        <test-method status="PASS" signature="tearDown()[pri:0, instance:org.practicetests.PracticePageTests@2f217633]" name="tearDown" is-config="true" duration-ms="800" started-at="2021-07-15T09:18:31Z" finished-at="2021-07-15T09:18:31Z">
          <reporter-output>
          </reporter-output>
        </test-method> <!-- tearDown -->
      </class> <!-- org.practicetests.PracticePageTests -->
    </test> <!-- Test -->
  </suite> <!-- Suite -->
</testng-results>
